# JRE version: OpenJDK Runtime Environment (Alibaba Dragonwell) (11.0.11) (build 11.0.11+0)
# Java VM: OpenJDK 64-Bit Server VM (Alibaba Dragonwell) (11.0.11+0, mixed mode, tiered, compressed oops, g1 gc, windows-amd64)
Heap:
 garbage-first heap   total 260096K, used 20869K [0x0000000702600000, 0x0000000800000000)
  region size 1024K, 16 young (16384K), 4 survivors (4096K)
 Metaspace       used 26234K, capacity 27165K, committed 27312K, reserved 1083392K
  class space    used 3162K, capacity 3540K, committed 3584K, reserved 1048576K
GC Heap History (6 events):
Event: 1.047 GC heap before
{Heap before GC invocations=0 (full 0):
 garbage-first heap   total 260096K, used 23552K [0x0000000702600000, 0x0000000800000000)
  region size 1024K, 24 young (24576K), 0 survivors (0K)
 Metaspace       used 14661K, capacity 15067K, committed 15360K, reserved 1062912K
  class space    used 1572K, capacity 1728K, committed 1792K, reserved 1048576K
}
Event: 1.052 GC heap after
{Heap after GC invocations=1 (full 0):
 garbage-first heap   total 260096K, used 5615K [0x0000000702600000, 0x0000000800000000)
  region size 1024K, 3 young (3072K), 3 survivors (3072K)
 Metaspace       used 14661K, capacity 15067K, committed 15360K, reserved 1062912K
  class space    used 1572K, capacity 1728K, committed 1792K, reserved 1048576K
}
Event: 1.299 GC heap before
{Heap before GC invocations=1 (full 0):
 garbage-first heap   total 260096K, used 35311K [0x0000000702600000, 0x0000000800000000)
  region size 1024K, 33 young (33792K), 3 survivors (3072K)
 Metaspace       used 20514K, capacity 21125K, committed 21296K, reserved 1069056K
  class space    used 2355K, capacity 2619K, committed 2688K, reserved 1048576K
}
Event: 1.307 GC heap after
{Heap after GC invocations=2 (full 0):
 garbage-first heap   total 260096K, used 7648K [0x0000000702600000, 0x0000000800000000)
  region size 1024K, 5 young (5120K), 5 survivors (5120K)
 Metaspace       used 20514K, capacity 21125K, committed 21296K, reserved 1069056K
  class space    used 2355K, capacity 2619K, committed 2688K, reserved 1048576K
}
Event: 1.590 GC heap before
{Heap before GC invocations=3 (full 0):
 garbage-first heap   total 260096K, used 48608K [0x0000000702600000, 0x0000000800000000)
  region size 1024K, 45 young (46080K), 5 survivors (5120K)
 Metaspace       used 24671K, capacity 25473K, committed 25776K, reserved 1075200K
  class space    used 2929K, capacity 3237K, committed 3328K, reserved 1048576K
}
Event: 1.595 GC heap after
{Heap after GC invocations=4 (full 0):
 garbage-first heap   total 260096K, used 9605K [0x0000000702600000, 0x0000000800000000)
  region size 1024K, 4 young (4096K), 4 survivors (4096K)
 Metaspace       used 24671K, capacity 25473K, committed 25776K, reserved 1075200K
  class space    used 2929K, capacity 3237K, committed 3328K, reserved 1048576K
}

